14:58:37: Creating resource group General
14:58:37: Creating resource group Internal
14:58:37: Creating resource group Autodetect
14:58:37: SceneManagerFactory for type 'DefaultSceneManager' registered.
14:58:37: Registering ResourceManager for type Material
14:58:37: Registering ResourceManager for type Mesh
14:58:37: Registering ResourceManager for type Skeleton
14:58:37: MovableObjectFactory for type 'ParticleSystem' registered.
14:58:37: ArchiveFactory for archive type FileSystem registered.
14:58:37: ArchiveFactory for archive type Zip registered.
14:58:37: ArchiveFactory for archive type EmbeddedZip registered.
14:58:37: DDS codec registering
14:58:37: FreeImage version: 3.17.0
14:58:37: This program uses FreeImage, a free, open source image library supporting all common bitmap formats. See http://freeimage.sourceforge.net for details
14:58:37: Supported formats: bmp,ico,jpg,jif,jpeg,jpe,jng,koa,iff,lbm,mng,pbm,pbm,pcd,pcx,pgm,pgm,png,ppm,ppm,ras,tga,targa,tif,tiff,wap,wbmp,wbm,psd,cut,xbm,xpm,gif,hdr,sgi,rgb,rgba,bw,exr,j2k,j2c,jp2,pfm,pct,pict,pic,3fr,arw,bay,bmq,cap,cine,cr2,crw,cs1,dc2,dcr,drf,dsc,dng,erf,fff,ia,iiq,k25,kc2,kdc,mdc,mef,mos,mrw,nef,nrw,orf,pef,ptx,pxn,qtk,raf,raw,rdc,rw2,rwl,rwz,sr2,srf,srw,sti,x3f,webp,jxr,wdp,hdp
14:58:37: PVRTC codec registering
14:58:37: ETC codec registering
14:58:37: Registering ResourceManager for type HighLevelGpuProgram
14:58:37: Registering ResourceManager for type Compositor
14:58:37: MovableObjectFactory for type 'Entity' registered.
14:58:37: MovableObjectFactory for type 'Light' registered.
14:58:37: MovableObjectFactory for type 'BillboardSet' registered.
14:58:37: MovableObjectFactory for type 'ManualObject' registered.
14:58:37: MovableObjectFactory for type 'BillboardChain' registered.
14:58:37: MovableObjectFactory for type 'RibbonTrail' registered.
14:58:37: OGRE EXCEPTION(6:FileNotFoundException): 'plugins.cfg' file not found! in ConfigFile::load at /build/ogre-1.9-mqY1wq/ogre-1.9-1.9.0+dfsg1/OgreMain/src/OgreConfigFile.cpp (line 82)
14:58:37: plugins.cfg not found, automatic plugin loading disabled.
14:58:37: *-*-* OGRE Initialising
14:58:37: *-*-* Version 1.9.0 (Ghadamon)
14:58:37: OverlayElementFactory for type Panel registered.
14:58:37: OverlayElementFactory for type BorderPanel registered.
14:58:37: OverlayElementFactory for type TextArea registered.
14:58:37: Registering ResourceManager for type Font
14:58:37: Loading library /usr/lib/x86_64-linux-gnu/OGRE-1.9.0/RenderSystem_GL.so
14:58:37: Installing plugin: GL RenderSystem
14:58:37: OpenGL Rendering Subsystem created.
14:58:37: Plugin successfully installed
14:58:37: Loading library /usr/lib/x86_64-linux-gnu/OGRE-1.9.0/Plugin_ParticleFX.so
14:58:37: Installing plugin: ParticleFX
14:58:37: Particle Emitter Type 'Point' registered
14:58:37: Particle Emitter Type 'Box' registered
14:58:37: Particle Emitter Type 'Ellipsoid' registered
14:58:37: Particle Emitter Type 'Cylinder' registered
14:58:37: Particle Emitter Type 'Ring' registered
14:58:37: Particle Emitter Type 'HollowEllipsoid' registered
14:58:37: Particle Affector Type 'LinearForce' registered
14:58:37: Particle Affector Type 'ColourFader' registered
14:58:37: Particle Affector Type 'ColourFader2' registered
14:58:37: Particle Affector Type 'ColourImage' registered
14:58:37: Particle Affector Type 'ColourInterpolator' registered
14:58:37: Particle Affector Type 'Scaler' registered
14:58:37: Particle Affector Type 'Rotator' registered
14:58:37: Particle Affector Type 'DirectionRandomiser' registered
14:58:37: Particle Affector Type 'DeflectorPlane' registered
14:58:37: Plugin successfully installed
14:58:37: Loading library /usr/lib/x86_64-linux-gnu/OGRE-1.9.0/Plugin_BSPSceneManager.so
14:58:37: Installing plugin: BSP Scene Manager
14:58:37: Plugin successfully installed
14:58:37: Loading library /usr/lib/x86_64-linux-gnu/OGRE-1.9.0/Plugin_OctreeSceneManager.so
14:58:37: Installing plugin: Octree Scene Manager
14:58:37: Plugin successfully installed
14:58:37: CPU Identifier & Features
14:58:37: -------------------------
14:58:37:  *   CPU ID: GenuineIntel: Intel(R) Core(TM) i5-7360U CPU @ 2.30GHz
14:58:37:  *      SSE: yes
14:58:37:  *     SSE2: yes
14:58:37:  *     SSE3: yes
14:58:37:  *      MMX: yes
14:58:37:  *   MMXEXT: yes
14:58:37:  *    3DNOW: no
14:58:37:  * 3DNOWEXT: no
14:58:37:  *     CMOV: yes
14:58:37:  *      TSC: yes
14:58:37:  *      FPU: yes
14:58:37:  *      PRO: yes
14:58:37:  *       HT: no
14:58:37: -------------------------
14:58:37: ******************************
*** Starting GLX Subsystem ***
******************************
14:58:37: Registering ResourceManager for type Texture
14:58:37: Added resource location '/usr/share/gazebo-7/' of type 'FileSystem' to resource group 'General'
14:58:37: Added resource location '/usr/share/gazebo-7/media' of type 'FileSystem' to resource group 'General'
14:58:37: Creating resource group SkyX
14:58:37: Added resource location '/usr/share/gazebo-7/media/skyx' of type 'FileSystem' to resource group 'SkyX'
14:58:37: Added resource location '/usr/share/gazebo-7/media/rtshaderlib' of type 'FileSystem' to resource group 'General'
14:58:37: Added resource location '/usr/share/gazebo-7/media/materials/programs' of type 'FileSystem' to resource group 'General'
14:58:37: Added resource location '/usr/share/gazebo-7/media/materials/scripts' of type 'FileSystem' to resource group 'General'
14:58:37: Added resource location '/usr/share/gazebo-7/media/materials/textures' of type 'FileSystem' to resource group 'General'
14:58:37: Added resource location '/usr/share/gazebo-7/media/media/models' of type 'FileSystem' to resource group 'General'
14:58:37: Creating resource group Fonts
14:58:37: Added resource location '/usr/share/gazebo-7/media/fonts' of type 'FileSystem' to resource group 'Fonts'
14:58:37: Creating resource group LookNFeel
14:58:37: Added resource location '/usr/share/gazebo-7/media/gui/looknfeel' of type 'FileSystem' to resource group 'LookNFeel'
14:58:37: Creating resource group Schemes
14:58:37: Added resource location '/usr/share/gazebo-7/media/gui/schemes' of type 'FileSystem' to resource group 'Schemes'
14:58:37: Creating resource group Imagesets
14:58:37: Added resource location '/usr/share/gazebo-7/media/gui/imagesets' of type 'FileSystem' to resource group 'Imagesets'
14:58:37: Added resource location '/usr/share/gazebo-7/media/gui/fonts' of type 'FileSystem' to resource group 'Fonts'
14:58:37: Creating resource group Layouts
14:58:37: Added resource location '/usr/share/gazebo-7/media/gui/layouts' of type 'FileSystem' to resource group 'Layouts'
14:58:37: Creating resource group Animations
14:58:37: Added resource location '/usr/share/gazebo-7/media/gui/animations' of type 'FileSystem' to resource group 'Animations'
14:58:37: Added resource location '/usr/share/gazebo-7/Media' of type 'FileSystem' to resource group 'General'
14:58:37: Added resource location '/usr/share/gazebo-7/Media/skyx' of type 'FileSystem' to resource group 'SkyX'
14:58:37: Added resource location '/usr/share/gazebo-7/Media/rtshaderlib' of type 'FileSystem' to resource group 'General'
14:58:37: Added resource location '/usr/share/gazebo-7/Media/materials/programs' of type 'FileSystem' to resource group 'General'
14:58:37: Added resource location '/usr/share/gazebo-7/Media/materials/scripts' of type 'FileSystem' to resource group 'General'
14:58:37: Added resource location '/usr/share/gazebo-7/Media/materials/textures' of type 'FileSystem' to resource group 'General'
14:58:37: Added resource location '/usr/share/gazebo-7/Media/media/models' of type 'FileSystem' to resource group 'General'
14:58:37: Added resource location '/usr/share/gazebo-7/Media/fonts' of type 'FileSystem' to resource group 'Fonts'
14:58:37: Added resource location '/usr/share/gazebo-7/Media/gui/looknfeel' of type 'FileSystem' to resource group 'LookNFeel'
14:58:37: Added resource location '/usr/share/gazebo-7/Media/gui/schemes' of type 'FileSystem' to resource group 'Schemes'
14:58:37: Added resource location '/usr/share/gazebo-7/Media/gui/imagesets' of type 'FileSystem' to resource group 'Imagesets'
14:58:37: Added resource location '/usr/share/gazebo-7/Media/gui/fonts' of type 'FileSystem' to resource group 'Fonts'
14:58:37: Added resource location '/usr/share/gazebo-7/Media/gui/layouts' of type 'FileSystem' to resource group 'Layouts'
14:58:37: Added resource location '/usr/share/gazebo-7/Media/gui/animations' of type 'FileSystem' to resource group 'Animations'
14:58:37: GLRenderSystem::_createRenderWindow "OgreWindow(0)", 1x1 windowed  miscParams: FSAA=4 border=none macAPI=carbon parentWindowHandle=25165825 stereoMode=Frame Sequential 
14:58:37: GLXWindow::create used FBConfigID = 86
14:58:37: GL_VERSION = 3.0 Mesa 17.2.8
14:58:37: GL_VENDOR = VMware, Inc.
14:58:37: GL_RENDERER = llvmpipe (LLVM 5.0, 256 bits)
14:58:37: GL_EXTENSIONS = GL_ARB_multisample GL_EXT_abgr GL_EXT_bgra GL_EXT_blend_color GL_EXT_blend_minmax GL_EXT_blend_subtract GL_EXT_copy_texture GL_EXT_polygon_offset GL_EXT_subtexture GL_EXT_texture_object GL_EXT_vertex_array GL_EXT_compiled_vertex_array GL_EXT_texture GL_EXT_texture3D GL_IBM_rasterpos_clip GL_ARB_point_parameters GL_EXT_draw_range_elements GL_EXT_packed_pixels GL_EXT_point_parameters GL_EXT_rescale_normal GL_EXT_separate_specular_color GL_EXT_texture_edge_clamp GL_SGIS_generate_mipmap GL_SGIS_texture_border_clamp GL_SGIS_texture_edge_clamp GL_SGIS_texture_lod GL_ARB_framebuffer_sRGB GL_ARB_multitexture GL_EXT_framebuffer_sRGB GL_IBM_multimode_draw_arrays GL_IBM_texture_mirrored_repeat GL_ARB_texture_cube_map GL_ARB_texture_env_add GL_ARB_transpose_matrix GL_EXT_blend_func_separate GL_EXT_fog_coord GL_EXT_multi_draw_arrays GL_EXT_secondary_color GL_EXT_texture_env_add GL_EXT_texture_lod_bias GL_INGR_blend_func_separate GL_NV_blend_square GL_NV_light_max_exponent GL_NV_texgen_reflection GL_NV_texture_env_combine4 GL_SUN_multi_draw_arrays GL_ARB_texture_border_clamp GL_ARB_texture_compression GL_EXT_framebuffer_object GL_EXT_texture_env_combine GL_EXT_texture_env_dot3 GL_MESA_window_pos GL_NV_packed_depth_stencil GL_NV_texture_rectangle GL_ARB_depth_texture GL_ARB_occlusion_query GL_ARB_shadow GL_ARB_texture_env_combine GL_ARB_texture_env_crossbar GL_ARB_texture_env_dot3 GL_ARB_texture_mirrored_repeat GL_ARB_window_pos GL_ATI_fragment_shader GL_EXT_stencil_two_side GL_EXT_texture_cube_map GL_NV_depth_clamp GL_NV_fog_distance GL_APPLE_packed_pixels GL_ARB_draw_buffers GL_ARB_fragment_program GL_ARB_fragment_shader GL_ARB_shader_objects GL_ARB_vertex_program GL_ARB_vertex_shader GL_ATI_draw_buffers GL_ATI_texture_env_combine3 GL_ATI_texture_float GL_EXT_shadow_funcs GL_EXT_stencil_wrap GL_MESA_pack_invert GL_MESA_ycbcr_texture GL_NV_primitive_restart GL_ARB_depth_clamp GL_ARB_fragment_program_shadow GL_ARB_half_float_pixel GL_ARB_occlusion_query2 GL_ARB_point_sprite GL_ARB_shading_language_100 GL_ARB_sync GL_ARB_texture_non_power_of_two GL_ARB_vertex_buffer_object GL_ATI_blend_equation_separate GL_EXT_blend_equation_separate GL_OES_read_format GL_ARB_color_buffer_float GL_ARB_pixel_buffer_object GL_ARB_texture_compression_rgtc GL_ARB_texture_float GL_ARB_texture_rectangle GL_ATI_texture_compression_3dc GL_EXT_packed_float GL_EXT_pixel_buffer_object GL_EXT_texture_compression_rgtc GL_EXT_texture_mirror_clamp GL_EXT_texture_rectangle GL_EXT_texture_sRGB GL_EXT_texture_shared_exponent GL_ARB_framebuffer_object GL_EXT_framebuffer_blit GL_EXT_framebuffer_multisample GL_EXT_packed_depth_stencil GL_ARB_vertex_array_object GL_ATI_separate_stencil GL_ATI_texture_mirror_once GL_EXT_draw_buffers2 GL_EXT_draw_instanced GL_EXT_gpu_program_parameters GL_EXT_texture_array GL_EXT_texture_compression_latc GL_EXT_texture_integer GL_EXT_texture_sRGB_decode GL_EXT_timer_query GL_OES_EGL_image GL_ARB_copy_buffer GL_ARB_depth_buffer_float GL_ARB_draw_instanced GL_ARB_half_float_vertex GL_ARB_instanced_arrays GL_ARB_map_buffer_range GL_ARB_texture_rg GL_ARB_texture_swizzle GL_ARB_vertex_array_bgra GL_EXT_texture_swizzle GL_EXT_vertex_array_bgra GL_NV_conditional_render GL_AMD_conservative_depth GL_AMD_draw_buffers_blend GL_AMD_seamless_cubemap_per_texture GL_AMD_shader_stencil_export GL_ARB_ES2_compatibility GL_ARB_blend_func_extended GL_ARB_debug_output GL_ARB_draw_buffers_blend GL_ARB_draw_elements_base_vertex GL_ARB_explicit_attrib_location GL_ARB_fragment_coord_conventions GL_ARB_provoking_vertex GL_ARB_sampler_objects GL_ARB_seamless_cube_map GL_ARB_shader_stencil_export GL_ARB_shader_texture_lod GL_ARB_texture_cube_map_array GL_ARB_texture_gather GL_ARB_texture_multisample GL_ARB_texture_rgb10_a2ui GL_ARB_uniform_buffer_object GL_ARB_vertex_type_2_10_10_10_rev GL_EXT_provoking_vertex GL_EXT_texture_snorm GL_MESA_texture_signed_rgba GL_ARB_get_program_binary GL_ARB_robustness GL_ARB_separate_shader_objects GL_ARB_shader_bit_encoding GL_ARB_timer_query GL_ARB_transform_feedback2 GL_ARB_transform_feedback3 GL_ARB_base_instance GL_ARB_compressed_texture_pixel_storage GL_ARB_conservative_depth GL_ARB_internalformat_query GL_ARB_map_buffer_alignment GL_ARB_shading_language_420pack GL_ARB_shading_language_packing GL_ARB_texture_storage GL_ARB_transform_feedback_instanced GL_EXT_framebuffer_multisample_blit_scaled GL_EXT_transform_feedback GL_AMD_shader_trinary_minmax GL_ARB_ES3_compatibility GL_ARB_arrays_of_arrays GL_ARB_clear_buffer_object GL_ARB_copy_image GL_ARB_explicit_uniform_location GL_ARB_invalidate_subdata GL_ARB_program_interface_query GL_ARB_stencil_texturing GL_ARB_texture_query_levels GL_ARB_texture_storage_multisample GL_ARB_texture_view GL_ARB_vertex_attrib_binding GL_KHR_debug GL_ARB_buffer_storage GL_ARB_clear_texture GL_ARB_internalformat_query2 GL_ARB_multi_bind GL_ARB_seamless_cubemap_per_texture GL_ARB_texture_mirror_clamp_to_edge GL_ARB_texture_stencil8 GL_ARB_vertex_type_10f_11f_11f_rev GL_EXT_shader_integer_mix GL_ARB_clip_control GL_ARB_conditional_render_inverted GL_ARB_cull_distance GL_ARB_get_texture_sub_image GL_EXT_polygon_offset_clamp GL_KHR_context_flush_control GL_KHR_no_error GL_MESA_shader_integer_functions 
14:58:37: Supported GLX extensions: GLX_ARB_create_context GLX_ARB_create_context_profile GLX_ARB_fbconfig_float GLX_ARB_framebuffer_sRGB GLX_ARB_get_proc_address GLX_ARB_multisample GLX_EXT_import_context GLX_EXT_visual_info GLX_EXT_visual_rating GLX_EXT_fbconfig_packed_float GLX_EXT_framebuffer_sRGB GLX_EXT_create_context_es2_profile GLX_EXT_create_context_es_profile GLX_MESA_copy_sub_buffer GLX_MESA_multithread_makecurrent GLX_MESA_query_renderer GLX_OML_swap_method GLX_SGI_make_current_read GLX_SGIS_multisample GLX_SGIX_fbconfig GLX_SGIX_pbuffer GLX_SGIX_visual_select_group GLX_EXT_texture_from_pixmap 
14:58:37: ***************************
14:58:37: *** GL Renderer Started ***
14:58:37: ***************************
14:58:37: Registering ResourceManager for type GpuProgram
14:58:37: GLSL support detected
14:58:37: GL: Using GL_EXT_framebuffer_object for rendering to textures (best)
14:58:37: FBO PF_UNKNOWN depth/stencil support: D0S1 D0S4 D0S8 D0S16 D16S0 D24S0 D32S0 Packed-D24S8 
14:58:37: FBO PF_L8 depth/stencil support: D0S0 D0S1 D0S4 D0S8 D0S16 D16S0 D24S0 D32S0 Packed-D24S8 
14:58:37: FBO PF_L16 depth/stencil support: D0S0 D0S1 D0S4 D0S8 D0S16 D16S0 D24S0 D32S0 Packed-D24S8 
14:58:37: FBO PF_A8 depth/stencil support: D0S0 D0S1 D0S4 D0S8 D0S16 D16S0 D24S0 D32S0 Packed-D24S8 
14:58:37: FBO PF_A4L4 depth/stencil support: D0S0 D0S1 D0S4 D0S8 D0S16 D16S0 D24S0 D32S0 Packed-D24S8 
14:58:37: FBO PF_BYTE_LA depth/stencil support: D0S0 D0S1 D0S4 D0S8 D0S16 D16S0 D24S0 D32S0 Packed-D24S8 
14:58:37: FBO PF_R5G6B5 depth/stencil support: D0S0 D0S1 D0S4 D0S8 D0S16 D16S0 D24S0 D32S0 Packed-D24S8 
14:58:37: FBO PF_B5G6R5 depth/stencil support: D0S0 D0S1 D0S4 D0S8 D0S16 D16S0 D24S0 D32S0 Packed-D24S8 
14:58:37: FBO PF_A4R4G4B4 depth/stencil support: D0S0 D0S1 D0S4 D0S8 D0S16 D16S0 D24S0 D32S0 Packed-D24S8 
14:58:37: FBO PF_A1R5G5B5 depth/stencil support: D0S0 D0S1 D0S4 D0S8 D0S16 D16S0 D24S0 D32S0 Packed-D24S8 
14:58:37: FBO PF_R8G8B8 depth/stencil support: D0S0 D0S1 D0S4 D0S8 D0S16 D16S0 D24S0 D32S0 Packed-D24S8 
14:58:37: FBO PF_B8G8R8 depth/stencil support: D0S0 D0S1 D0S4 D0S8 D0S16 D16S0 D24S0 D32S0 Packed-D24S8 
14:58:37: FBO PF_A8R8G8B8 depth/stencil support: D0S0 D0S1 D0S4 D0S8 D0S16 D16S0 D24S0 D32S0 Packed-D24S8 
14:58:37: FBO PF_B8G8R8A8 depth/stencil support: D0S0 D0S1 D0S4 D0S8 D0S16 D16S0 D24S0 D32S0 Packed-D24S8 
14:58:37: FBO PF_A2R10G10B10 depth/stencil support: D0S0 D0S1 D0S4 D0S8 D0S16 D16S0 D24S0 D32S0 Packed-D24S8 
14:58:37: FBO PF_A2B10G10R10 depth/stencil support: D0S0 D0S1 D0S4 D0S8 D0S16 D16S0 D24S0 D32S0 Packed-D24S8 
14:58:37: FBO PF_FLOAT16_RGB depth/stencil support: D0S0 D0S1 D0S4 D0S8 D0S16 D16S0 D24S0 D32S0 Packed-D24S8 
14:58:37: FBO PF_FLOAT16_RGBA depth/stencil support: D0S0 D0S1 D0S4 D0S8 D0S16 D16S0 D24S0 D32S0 Packed-D24S8 
14:58:37: FBO PF_FLOAT32_RGB depth/stencil support: D0S0 D0S1 D0S4 D0S8 D0S16 D16S0 D24S0 D32S0 Packed-D24S8 
14:58:37: FBO PF_FLOAT32_RGBA depth/stencil support: D0S0 D0S1 D0S4 D0S8 D0S16 D16S0 D24S0 D32S0 Packed-D24S8 
14:58:37: FBO PF_X8R8G8B8 depth/stencil support: D0S0 D0S1 D0S4 D0S8 D0S16 D16S0 D24S0 D32S0 Packed-D24S8 
14:58:37: FBO PF_X8B8G8R8 depth/stencil support: D0S0 D0S1 D0S4 D0S8 D0S16 D16S0 D24S0 D32S0 Packed-D24S8 
14:58:37: FBO PF_SHORT_RGBA depth/stencil support: D0S0 D0S1 D0S4 D0S8 D0S16 D16S0 D24S0 D32S0 Packed-D24S8 
14:58:37: FBO PF_R3G3B2 depth/stencil support: D0S0 D0S1 D0S4 D0S8 D0S16 D16S0 D24S0 D32S0 Packed-D24S8 
14:58:37: FBO PF_FLOAT16_R depth/stencil support: D0S0 D0S1 D0S4 D0S8 D0S16 D16S0 D24S0 D32S0 Packed-D24S8 
14:58:37: FBO PF_FLOAT32_R depth/stencil support: D0S0 D0S1 D0S4 D0S8 D0S16 D16S0 D24S0 D32S0 Packed-D24S8 
14:58:37: FBO PF_SHORT_GR depth/stencil support: D0S0 D0S1 D0S4 D0S8 D0S16 D16S0 D24S0 D32S0 Packed-D24S8 
14:58:37: FBO PF_FLOAT16_GR depth/stencil support: D0S0 D0S1 D0S4 D0S8 D0S16 D16S0 D24S0 D32S0 Packed-D24S8 
14:58:37: FBO PF_FLOAT32_GR depth/stencil support: D0S0 D0S1 D0S4 D0S8 D0S16 D16S0 D24S0 D32S0 Packed-D24S8 
14:58:37: FBO PF_SHORT_RGB depth/stencil support: D0S0 D0S1 D0S4 D0S8 D0S16 D16S0 D24S0 D32S0 Packed-D24S8 
14:58:37: [GL] : Valid FBO targets PF_UNKNOWN PF_L8 PF_L16 PF_A8 PF_A4L4 PF_BYTE_LA PF_R5G6B5 PF_B5G6R5 PF_A4R4G4B4 PF_A1R5G5B5 PF_R8G8B8 PF_B8G8R8 PF_A8R8G8B8 PF_B8G8R8A8 PF_A2R10G10B10 PF_A2B10G10R10 PF_FLOAT16_RGB PF_FLOAT16_RGBA PF_FLOAT32_RGB PF_FLOAT32_RGBA PF_X8R8G8B8 PF_X8B8G8R8 PF_SHORT_RGBA PF_R3G3B2 PF_FLOAT16_R PF_FLOAT32_R PF_SHORT_GR PF_FLOAT16_GR PF_FLOAT32_GR PF_SHORT_RGB 
14:58:37: RenderSystem capabilities
14:58:37: -------------------------
14:58:37: RenderSystem Name: OpenGL Rendering Subsystem
14:58:37: GPU Vendor: unknown
14:58:37: Device Name: llvmpipe (LLVM 5.0, 256 bits)
14:58:37: Driver Version: 3.0.0.0
14:58:37:  * Fixed function pipeline: yes
14:58:37:  * Hardware generation of mipmaps: yes
14:58:37:  * Texture blending: yes
14:58:37:  * Anisotropic texture filtering: no
14:58:37:  * Dot product texture operation: yes
14:58:37:  * Cube mapping: yes
14:58:37:  * Hardware stencil buffer: yes
14:58:37:    - Stencil depth: 8
14:58:37:    - Two sided stencil support: yes
14:58:37:    - Wrap stencil values: yes
14:58:37:  * Hardware vertex / index buffers: yes
14:58:37:  * Vertex programs: yes
14:58:37:  * Number of floating-point constants for vertex programs: 4096
14:58:37:  * Number of integer constants for vertex programs: 0
14:58:37:  * Number of boolean constants for vertex programs: 0
14:58:37:  * Fragment programs: yes
14:58:37:  * Number of floating-point constants for fragment programs: 4096
14:58:37:  * Number of integer constants for fragment programs: 0
14:58:37:  * Number of boolean constants for fragment programs: 0
14:58:37:  * Geometry programs: no
14:58:37:  * Number of floating-point constants for geometry programs: 0
14:58:37:  * Number of integer constants for geometry programs: 0
14:58:37:  * Number of boolean constants for geometry programs: 0
14:58:37:  * Tesselation Hull programs: no
14:58:37:  * Number of floating-point constants for tesselation hull programs: 0
14:58:37:  * Number of integer constants for tesselation hull programs: 0
14:58:37:  * Number of boolean constants for tesselation hull programs: 0
14:58:37:  * Tesselation Domain programs: no
14:58:37:  * Number of floating-point constants for tesselation domain programs: 0
14:58:37:  * Number of integer constants for tesselation domain programs: 0
14:58:37:  * Number of boolean constants for tesselation domain programs: 0
14:58:37:  * Compute programs: no
14:58:37:  * Number of floating-point constants for compute programs: 0
14:58:37:  * Number of integer constants for compute programs: 0
14:58:37:  * Number of boolean constants for compute programs: 0
14:58:37:  * Supported Shader Profiles: arbfp1 arbvp1 glsl ps_1_1 ps_1_2 ps_1_3 ps_1_4
14:58:37:  * Texture Compression: yes
14:58:37:    - DXT: no
14:58:37:    - VTC: no
14:58:37:    - PVRTC: no
14:58:37:    - ATC: no
14:58:37:    - ETC1: no
14:58:37:    - ETC2: no
14:58:37:    - BC4/BC5: no
14:58:37:    - BC6H/BC7: no
14:58:37:  * Scissor Rectangle: yes
14:58:37:  * Hardware Occlusion Query: yes
14:58:37:  * User clip planes: yes
14:58:37:  * VET_UBYTE4 vertex element type: yes
14:58:37:  * Infinite far plane projection: yes
14:58:37:  * Hardware render-to-texture: yes
14:58:37:  * Floating point textures: yes
14:58:37:  * Non-power-of-two textures: yes
14:58:37:  * 1d textures: yes
14:58:37:  * Volume textures: yes
14:58:37:  * Multiple Render Targets: 8
14:58:37:    - With different bit depths: yes
14:58:37:  * Point Sprites: yes
14:58:37:  * Extended point parameters: yes
14:58:37:  * Max Point Size: 255
14:58:37:  * Vertex texture fetch: yes
14:58:37:  * Number of world matrices: 0
14:58:37:  * Number of texture units: 16
14:58:37:  * Stencil buffer depth: 8
14:58:37:  * Number of vertex blend matrices: 0
14:58:37:    - Max vertex textures: 32
14:58:37:    - Vertex textures shared: yes
14:58:37:  * Render to Vertex Buffer : no
14:58:37:  * Hardware Atomic Counters: no
14:58:37:  * GL 1.5 without VBO workaround: no
14:58:37:  * Frame Buffer objects: yes
14:58:37:  * Frame Buffer objects (ARB extension): no
14:58:37:  * Frame Buffer objects (ATI extension): no
14:58:37:  * PBuffer support: yes
14:58:37:  * GL 1.5 without HW-occlusion workaround: no
14:58:37:  * Vertex Array Objects: no
14:58:37:  * Separate shader objects: no
14:58:37: DefaultWorkQueue('Root') initialising on thread 7f0b98e12280.
14:58:37: DefaultWorkQueue('Root')::WorkerFunc - thread 14:58:37: DefaultWorkQueue('Root')::WorkerFunc - thread 7f4a7dcdf700 starting.
14:58:37: SceneManagerFactory for type 'BspSceneManager' registered.
14:58:37: Registering ResourceManager for type BspLevel
14:58:37: SceneManagerFactory for type 'OctreeSceneManager' registered.
14:58:37: Parsing scripts for resource group Animations
14:58:37: Finished parsing scripts for resource group Animations
14:58:37: Creating resources for group Animations
14:58:37: All done
14:58:37: Parsing scripts for resource group Autodetect
14:58:37: Finished parsing scripts for resource group Autodetect
14:58:37: Creating resources for group Autodetect
14:58:37: All done
14:58:37: Parsing scripts for resource group Fonts
14:58:37: Parsing script Gazebo.fontdef
14:58:37: Finished parsing scripts for resource group Fonts
14:58:37: Creating resources for group Fonts
14:58:37: All done
14:58:37: Parsing scripts for resource group General
14:58:37: Parsing script deferred_post.program
14:58:37: DefaultWorkQueue('Root')::WorkerFunc - thread 7f4a7e4e0700 starting.
14:58:37: Parsing script perpixel.program
14:58:37: Parsing script shadow_caster.program
14:58:37: Parsing script VPL.program
14:58:37: Parsing script ShadowCaster.program
14:58:37: Parsing script gazebo.material
14:58:37: Parsing script grid.material
14:58:37: Parsing script ssao.material
14:58:37: Parsing script VPL.material
14:58:37: Parsing script blur.material
14:58:37: Parsing script ShadowCaster.material
14:58:37: Parsing script kitchen.material
14:58:37: Parsing script oculus.material
14:58:37: Parsing script deferred_post.material
14:58:37: Parsing script deferred_post_minilight.material
14:58:37: Parsing script picker.material
14:58:37: Parsing script blur.compositor
14:58:37: Parsing script noise.compositor
14:58:37: Parsing script deferred.compositor
14:58:37: Parsing script distortion.compositor
14:58:37: Parsing script WideCameraLensMap.compositor
14:58:37: Parsing script ssao.compositor
14:58:37: Finished parsing scripts for resource group General
14:58:37: Creating resources for group General
14:58:37: All done
14:58:37: Parsing scripts for resource group Imagesets
14:58:37: Finished parsing scripts for resource group Imagesets
14:58:37: Creating resources for group Imagesets
14:58:37: All done
14:58:37: Parsing scripts for resource group Internal
14:58:37: Finished parsing scripts for resource group Internal
14:58:37: Creating resources for group Internal
14:58:37: All done
14:58:37: Parsing scripts for resource group Layouts
14:58:37: Finished parsing scripts for resource group Layouts
14:58:37: Creating resources for group Layouts
14:58:37: All done
14:58:37: Parsing scripts for resource group LookNFeel
14:58:37: Finished parsing scripts for resource group LookNFeel
14:58:37: Creating resources for group LookNFeel
14:58:37: All done
14:58:37: Parsing scripts for resource group Schemes
14:58:37: Finished parsing scripts for resource group Schemes
14:58:37: Creating resources for group Schemes
14:58:37: All done
14:58:37: Parsing scripts for resource group SkyX
14:58:37: Parsing script SkyX.material
14:58:37: Finished parsing scripts for resource group SkyX
14:58:37: Creating resources for group SkyX
14:58:37: All done
14:58:37: Added resource location '/usr/share/gazebo-7/media/rtshaderlib/' of type 'FileSystem' to resource group 'General'
14:58:37: Creating resource group ShaderGeneratorResourceGroup
14:58:37: Added resource location '/tmp/gazebo-root-rtshaderlibcache/' of type 'FileSystem' to resource group 'ShaderGeneratorResourceGroup'
14:58:37: Can't assign material _NULL_ to SubEntity of SkyXMeshEnt because this Material does not exist. Have you forgotten to define it in a .material script?
14:58:37: Texture: SkyX_Starfield.png: Loading 1 faces(PF_L8,512x512x1) with 5 hardware generated mipmaps from Image. Internal format is PF_L8,512x512x1.
14:58:37: Texture: SkyX_Moon.png: Loading 1 faces(PF_A8R8G8B8,512x512x1) with 5 hardware generated mipmaps from Image. Internal format is PF_A8R8G8B8,512x512x1.
14:58:37: Texture: SkyX_MoonHalo.png: Loading 1 faces(PF_A8R8G8B8,512x256x1) with 5 hardware generated mipmaps from Image. Internal format is PF_A8R8G8B8,512x256x1.
14:58:38: Texture: Noise.jpg: Loading 1 faces(PF_R8G8B8,1024x1024x1) with 5 hardware generated mipmaps from Image. Internal format is PF_X8R8G8B8,1024x1024x1.
14:58:38: GLRenderSystem::_createRenderWindow "OgreWindow(1)", 738x678 windowed  miscParams: FSAA=4 macAPI=carbon parentWindowHandle=24401136:0:31457312 stereoMode=Frame Sequential 
14:58:38: GLXWindow::create used FBConfigID = 86
14:58:38: Texture: com.png: Loading 1 faces(PF_R8G8B8,200x100x1) with 5 hardware generated mipmaps from Image. Internal format is PF_X8R8G8B8,200x100x1.
14:58:38: [SkyX] VClouds warning: unregistered camera registered, manual unregistering is needed before camera destruction
14:58:38: Texture: spot_shadow_fade.png: Loading 1 faces(PF_R8G8B8,128x128x1) with 5 hardware generated mipmaps from Image. Internal format is PF_X8R8G8B8,128x128x1.
14:58:55: Unregistering ResourceManager for type Font
14:58:55: DefaultWorkQueue('Root') shutting down on thread 7f4abb4ac280.
14:58:55: DefaultWorkQueue('Root')::WorkerFunc - thread 7f4a7e4e0700 stopped.
14:58:55: DefaultWorkQueue('Root')::WorkerFunc - thread 7f4a7dcdf700 stopped.
14:58:55: Unregistering ResourceManager for type BspLevel
14:58:55: *-*-* OGRE Shutdown
14:58:55: *-*-* OGRE Shutdown
14:58:55: Unregistering ResourceManager for type Compositor
14:58:55: Unregistering ResourceManager for type Skeleton
14:58:55: Unregistering ResourceManager for type Mesh
14:58:55: Unregistering ResourceManager for type HighLevelGpuProgram
14:58:55: Uninstalling plugin: Octree Scene Manager
14:58:55: Plugin successfully uninstalled
14:58:55: Unloading library /usr/lib/x86_64-linux-gnu/OGRE-1.9.0/Plugin_OctreeSceneManager.so
14:58:55: Uninstalling plugin: BSP Scene Manager
14:58:55: Plugin successfully uninstalled
14:58:55: Unloading library /usr/lib/x86_64-linux-gnu/OGRE-1.9.0/Plugin_BSPSceneManager.so
14:58:55: Uninstalling plugin: ParticleFX
14:58:55: Plugin successfully uninstalled
14:58:55: Unloading library /usr/lib/x86_64-linux-gnu/OGRE-1.9.0/Plugin_ParticleFX.so
14:58:55: Uninstalling plugin: GL RenderSystem
14:58:55: Unregistering ResourceManager for type GpuProgram
14:58:55: ******************************
*** Stopping GLX Subsystem ***
******************************
14:58:55: Unregistering ResourceManager for type Texture
14:58:55: Plugin successfully uninstalled
14:58:55: Unloading library /usr/lib/x86_64-linux-gnu/OGRE-1.9.0/RenderSystem_GL.so
14:58:55: Unregistering ResourceManager for type Material
